Start testing: Oct 01 10:34 PDT
----------------------------------------------------------
1/37 Testing: copyfiles
1/37 Test: copyfiles
Command: "/lustre/home/mpotts/FEM/Regression.d/copy_files.pl" "/lustre/home/mpotts/FEM/Regression.d" "/lustre/home/mpotts/FEM/Regression.d"
Directory: /lustre/home/mpotts/FEM
"copyfiles" start time: Oct 01 10:34 PDT
Output:
----------------------------------------------------------
<end of output>
Test time =   0.03 sec
----------------------------------------------------------
Test Passed.
"copyfiles" end time: Oct 01 10:34 PDT
"copyfiles" time elapsed: 00:00:00
----------------------------------------------------------

2/37 Testing: buildInputs
2/37 Test: buildInputs
Command: "/lustre/home/mpotts/FEM/Regression.d/buildInputs.py" "ALL"
Directory: /lustre/home/mpotts/FEM
"buildInputs" start time: Oct 01 10:34 PDT
Output:
----------------------------------------------------------
at start, mycwd is /lustre/home/mpotts/FEM 

Creating statics_sparse_gdisplac.inp
Creating statics_skyline_stressvm.inp
Creating statics_spooles_strainxy.inp
Creating statics_gmres_strainxz.inp
Creating statics_direct_strainxx.inp
Creating statics_spooles_pivot_strainxy.inp
Creating statics_pcg_strainxx.inp
Creating statics_bcg_strainxy.inp
Creating statics_cr_strainxz.inp
Creating statics_FETI_inxforce.inp
Creating statics_FETI_DP_inyforce.inp
Creating statics_FETI_DPH_inzforce.inp
Creating statics_sparse_axmoment.inp
Creating statics_skyline_aymoment.inp
Creating statics_spooles_energies.inp
Creating statics_gmres_gvelocit.inp
Creating statics_direct_gacceler.inp
Creating statics_spooles_pivot_displmod.inp
Creating statics_pcg_gdispmod.inp
Creating nlstatics_sparse_gdisplac.inp
Creating nlstatics_skyline_stressvm.inp
Creating nlstatics_spooles_strainxy.inp
Creating nlstatics_gmres_strainxz.inp
Creating nlstatics_direct_strainxx.inp
Creating nlstatics_spooles_pivot_strainxy.inp
Creating nlstatics_pcg_strainxx.inp
Creating nlstatics_bcg_strainxy.inp
Creating nlstatics_cr_strainxz.inp
Creating nlstatics_FETI_inxforce.inp
Creating nlstatics_FETI_DP_inyforce.inp
Creating nlstatics_FETI_DPH_inzforce.inp
Creating nlstatics_sparse_axmoment.inp
Creating nlstatics_skyline_aymoment.inp
Creating nlstatics_spooles_energies.inp
Creating nlstatics_gmres_gvelocit.inp
Creating nlstatics_direct_gacceler.inp
Creating nlstatics_spooles_pivot_displmod.inp
Creating nlstatics_pcg_gdispmod.inp
Creating eigen_sparse_0_gdisplac.inp
Creating eigen_skyline_10_stressvm.inp
Creating eigen_spooles_1000_strainxy.inp
Creating eigen_gmres_0_strainxz.inp
Creating eigen_direct_10_strainxx.inp
Creating eigen_spooles_pivot_100_strainxy.inp
Creating eigen_pcg_0_strainxx.inp
Creating eigen_bcg_10_strainxy.inp
Creating eigen_cr_100_strainxz.inp
Creating eigen_FETI_1000_inxforce.inp
Creating eigen_FETI_DP_0_inyforce.inp
Creating eigen_FETI_DPH_10_inzforce.inp
Creating eigen_sparse_100_axmoment.inp
Creating eigen_skyline_1000_aymoment.inp
Creating eigen_spooles_10_energies.inp
Creating eigen_gmres_100_gvelocit.inp
Creating eigen_direct_1000_gacceler.inp
Creating eigen_spooles_pivot_0_displmod.inp
Creating eigen_pcg_100_gdispmod.inp
Creating freqsweep_sparse_gdisplac.inp
Creating freqsweep_skyline_stressvm.inp
Creating freqsweep_spooles_strainxy.inp
Creating freqsweep_gmres_strainxz.inp
Creating freqsweep_direct_strainxx.inp
Creating freqsweep_spooles_pivot_strainxy.inp
Creating freqsweep_pcg_strainxx.inp
Creating freqsweep_bcg_strainxy.inp
Creating freqsweep_cr_strainxz.inp
Creating freqsweep_FETI_inxforce.inp
Creating freqsweep_FETI_DP_inyforce.inp
Creating freqsweep_FETI_DPH_inzforce.inp
Creating freqsweep_sparse_axmoment.inp
Creating freqsweep_skyline_aymoment.inp
Creating freqsweep_spooles_energies.inp
Creating freqsweep_gmres_gvelocit.inp
Creating freqsweep_direct_gacceler.inp
Creating freqsweep_spooles_pivot_displmod.inp
Creating freqsweep_pcg_gdispmod.inp
Creating dynamics_sparse_gdisplac.inp
Creating dynamics_skyline_stressvm.inp
Creating dynamics_spooles_strainxy.inp
Creating dynamics_gmres_strainxz.inp
Creating dynamics_direct_strainxx.inp
Creating dynamics_spooles_pivot_strainxy.inp
Creating dynamics_pcg_strainxx.inp
Creating dynamics_bcg_strainxy.inp
Creating dynamics_cr_strainxz.inp
Creating dynamics_FETI_inxforce.inp
Creating dynamics_FETI_DP_inyforce.inp
Creating dynamics_FETI_DPH_inzforce.inp
Creating dynamics_sparse_axmoment.inp
Creating dynamics_skyline_aymoment.inp
Creating dynamics_spooles_energies.inp
Creating dynamics_gmres_gvelocit.inp
Creating dynamics_direct_gacceler.inp
Creating dynamics_spooles_pivot_displmod.inp
Creating dynamics_pcg_gdispmod.inp
Creating nldynamics_sparse_gdisplac.inp
Creating nldynamics_spooles_stressvm.inp
Creating nldynamics_spooles_pivot_strainxx.inp
Creating nldynamics_pcg_strainxz.inp
Creating nldynamics_FETI_DP_stressxx.inp
Creating nldynamics_FETI_DPH_stressxz.inp
Creating nldynamics_sparse_inzforce.inp
Creating nldynamics_spooles_axmoment.inp
Creating nldynamics_spooles_pivot_energies.inp
Creating impe_sparse_gdisplac.inp
Creating impe_skyline_stressvm.inp
Creating impe_spooles_strainxy.inp
Creating impe_gmres_strainxz.inp
Creating impe_direct_strainxx.inp
Creating impe_spooles_pivot_strainxy.inp
Creating impe_pcg_strainxx.inp
Creating impe_bcg_strainxy.inp
Creating impe_cr_strainxz.inp
Creating impe_FETI_inxforce.inp
Creating impe_FETI_DP_inyforce.inp
Creating impe_FETI_DPH_inzforce.inp
Creating impe_sparse_axmoment.inp
Creating impe_skyline_aymoment.inp
Creating impe_spooles_energies.inp
Creating impe_gmres_gvelocit.inp
Creating impe_direct_gacceler.inp
Creating impe_spooles_pivot_displmod.inp
Creating impe_pcg_gdispmod.inp
Creating tempstatics_sparse_gtempera.inp
Creating tempstatics_skyline_gtempvel.inp
Creating tempstatics_spooles_heatflxy.inp
Creating tempstatics_gmres_heatflxz.inp
Creating tempstatics_direct_grdtempx.inp
Creating tempstatics_spooles_pivot_grdtempy.inp
Creating tempstatics_pcg_gtempera.inp
Creating tempstatics_bcg_gtempvel.inp
Creating tempstatics_cr_heatflxx.inp
Creating tempstatics_FETI_heatflxy.inp
Creating tempstatics_FETI_DP_heatflxz.inp
Creating tempstatics_FETI_DPH_grdtempx.inp
Creating tempdynamics_sparse_gtempera.inp
Creating tempdynamics_skyline_gtempvel.inp
Creating tempdynamics_spooles_heatflxy.inp
Creating tempdynamics_gmres_heatflxz.inp
Creating tempdynamics_direct_grdtempx.inp
Creating tempdynamics_spooles_pivot_grdtempy.inp
Creating tempdynamics_pcg_gtempera.inp
Creating tempdynamics_bcg_gtempvel.inp
Creating tempdynamics_cr_heatflxx.inp
Creating tempdynamics_FETI_heatflxy.inp
Creating tempdynamics_FETI_DP_heatflxz.inp
Creating tempdynamics_FETI_DPH_grdtempx.inp
Creating tempnldynamics_sparse_gtempera.inp
Creating tempnldynamics_skyline_gtempvel.inp
Creating tempnldynamics_spooles_heatflxy.inp
Creating tempnldynamics_gmres_heatflxz.inp
Creating tempnldynamics_direct_grdtempx.inp
Creating tempnldynamics_spooles_pivot_grdtempy.inp
Creating tempnldynamics_pcg_gtempera.inp
Creating tempnldynamics_bcg_gtempvel.inp
Creating tempnldynamics_cr_heatflxx.inp
Creating tempnldynamics_FETI_heatflxy.inp
Creating tempnldynamics_FETI_DP_heatflxz.inp
Creating tempnldynamics_FETI_DPH_grdtempx.inp
Creating tempnlstatics_sparse_gtempera.inp
Creating tempnlstatics_skyline_gtempvel.inp
Creating tempnlstatics_spooles_heatflxy.inp
Creating tempnlstatics_gmres_heatflxz.inp
Creating tempnlstatics_direct_grdtempx.inp
Creating tempnlstatics_spooles_pivot_grdtempy.inp
Creating tempnlstatics_pcg_gtempera.inp
Creating tempnlstatics_bcg_gtempvel.inp
Creating tempnlstatics_cr_heatflxx.inp
Creating tempnlstatics_FETI_heatflxy.inp
Creating tempnlstatics_FETI_DP_heatflxz.inp
Creating tempnlstatics_FETI_DPH_grdtempx.inp
Creating dsvm1_sparse_reaction.inp
Creating dsvm1_skyline_reaction.inp
Creating dsvm1_spooles_reaction.inp
Creating dsvm1_gmres_reaction.inp
Creating dsvm1_direct_reaction.inp
Creating dsvm1_spooles_pivot_reaction.inp
Creating dsvm1_pcg_reaction.inp
Creating dsvm1_bcg_reaction.inp
Creating dsvm1_cr_reaction.inp
Creating dsvm1_FETI_DP_reaction.inp
Creating dsvm1_FETI_DPH_reaction.inp
Creating dsvm11_sparse_displmod.inp
Creating dsvm11_spooles_pivot_displacz.inp
Creating dsvm11_FETI_DP_gdisplac.inp
Creating dsvm11_FETI_DPH_displacz.inp
Creating dsvm11_spooles_displmod.inp
Creating dsvm31_sparse_stressvm.inp
Creating dsvm31_skyline_strainvm.inp
Creating dsvm31_spooles_sp3direc.inp
Creating dsvm31_gmres_stressp3.inp
Creating dsvm31_direct_ep3direc.inp
Creating dsvm31_spooles_pivot_stressxx.inp
Creating dsvm31_pcg_stressvm.inp
Creating dsvm31_bcg_strainvm.inp
Creating dsvm31_cr_strainxx.inp
Creating dsvm31_FETI_DP_sp3direc.inp
Creating dsvm31_FETI_DPH_stressp3.inp
Creating dsvm13_sparse_buckle_geigenpa.inp
Creating dsvm13_skyline_buckle_geigenpa.inp
Creating dsvm13_spooles_buckle_geigenpa.inp
Creating dsvm13_direct_buckle_geigenpa.inp
Creating dsvm13_spooles_pivot_buckle_geigenpa.inp
Creating dsvm13_pcg_buckle_geigenpa.inp
Creating dsvm13_bcg_buckle_geigenpa.inp
Creating dsvm13_cr_buckle_geigenpa.inp
Creating dsvm13_FETI_DP_buckle_geigenpa.inp
Creating dsvm13_FETI_DPH_buckle_geigenpa.inp
Creating dsvm2_sparse_stressxx.inp
Creating dsvm2_spooles_strainxx.inp
Creating dsvm2_spooles_pivot_stressxx.inp
Creating dsvm2_pcg_strainxx.inp
Creating dsvm2_bcg_stressxx.inp
Creating dsvm2_cr_strainxx.inp
Creating dsvm2_FETI_DP_stressxx.inp
Creating dsvm2_FETI_DPH_strainxx.inp
Creating dsvm15_spooles_pivot_displacy.inp
Creating dsvm15_sparse_displacy.inp
Creating dsvm15_spooles_displacy.inp
Creating dsvm15_FETI_DP_displacy.inp
Creating dsvm15_FETI_DPH_displacy.inp
Creating dsvm19_sparse_displacy.inp
Creating dsvm19_spooles_pivot_displacy.inp
Creating dsvm19_skyline_displacy.inp
Creating dsvm19_spooles_displacy.inp
Creating dsvm19_direct_displacy.inp
Creating dsvm19_pcg_displacy.inp
Creating dsvm19_bcg_displacy.inp
Creating dsvm19_cr_displacy.inp
Creating dsvm19_FETI_DP_displacy.inp
Creating dsvm19_FETI_DPH_displacy.inp
Creating dsvm20_sparse_gdispmod.inp
Creating dsvm20_spooles_pivot_gdispmod.inp
Creating dsvm20_skyline_gdispmod.inp
Creating dsvm20_spooles_gdispmod.inp
Creating dsvm20_direct_gdispmod.inp
Creating dsvm20_pcg_gdispmod.inp
Creating dsvm20_bcg_gdispmod.inp
Creating dsvm20_cr_gdispmod.inp
Creating dsvm20_FETI_DP_gdispmod.inp
Creating dsvm20_FETI_DPH_gdispmod.inp
Creating dsvm21_sparse_displacy.inp
Creating dsvm21_spooles_pivot_displacy.inp
Creating dsvm21_skyline_displacy.inp
Creating dsvm21_spooles_displacy.inp
Creating dsvm21_direct_displacy.inp
Creating dsvm21_pcg_displacy.inp
Creating dsvm21_bcg_displacy.inp
Creating dsvm21_cr_displacy.inp
Creating dsvm22_sparse_displacz.inp
Creating dsvm22_spooles_pivot_displacz.inp
Creating dsvm22_skyline_displacz.inp
Creating dsvm22_spooles_displacz.inp
Creating dsvm22_direct_displacz.inp
Creating dsvm22_pcg_displacz.inp
Creating dsvm22_bcg_displacz.inp
Creating dsvm22_cr_displacz.inp
Creating dsvm22_FETI_DP_displacz.inp
Creating dsvm22_FETI_DPH_displacz.inp
Creating dsvm23_sparse_displacy.inp
Creating dsvm23_spooles_pivot_displacy.inp
Creating dsvm23_skyline_displacy.inp
Creating dsvm23_spooles_displacy.inp
Creating dsvm23_direct_displacy.inp
Creating dsvm23_pcg_displacy.inp
Creating dsvm23_bcg_displacy.inp
Creating dsvm23_cr_displacy.inp
Creating dsvm23_FETI_DP_displacy.inp
Creating dsvm23_FETI_DPH_displacy.inp
Creating dsvm24_freq_500.0_sparse_displacz.inp
Creating dsvm24_spooles_pivot_displacz.inp
Creating dsvm24_freq_500.0_spooles_displacz.inp
Creating dsvm24_pcg_displacz.inp
Creating dsvm24_freq_500.0_bcg_displacz.inp
Creating dsvm24_cr_displacz.inp
Creating dsvm24_freq_500.0_FETI_DP_displacz.inp
Creating dsvm24_FETI_DPH_displacz.inp
Creating dsvm25_sparse_stressp1.inp
Creating dsvm25_spooles_pivot_stressp1.inp
Creating dsvm25_skyline_stressp1.inp
Creating dsvm25_spooles_stressp1.inp
Creating dsvm25_direct_stressp1.inp
Creating dsvm25_pcg_stressp1.inp
Creating dsvm25_bcg_stressp1.inp
Creating dsvm25_cr_stressp1.inp
Creating dsvm25_FETI_DP_stressp1.inp
Creating dsvm25_FETI_DPH_stressp1.inp
Creating dsvm27a_sparse_gtempera.inp
Creating dsvm27a_spooles_pivot_gtempera.inp
Creating dsvm27a_skyline_gtempera.inp
Creating dsvm27a_spooles_gtempera.inp
Creating dsvm27a_direct_gtempera.inp
Creating dsvm27a_pcg_gtempera.inp
Creating dsvm27a_bcg_gtempera.inp
Creating dsvm27a_cr_gtempera.inp
Creating dsvm27a_FETI_DP_gtempera.inp
Creating dsvm27a_FETI_DPH_gtempera.inp
Creating dsvm27b_sparse_displacz.inp
Creating dsvm27b_spooles_pivot_displacz.inp
Creating dsvm27b_skyline_displacz.inp
Creating dsvm27b_spooles_displacz.inp
Creating dsvm27b_direct_displacz.inp
Creating dsvm27b_pcg_displacz.inp
Creating dsvm27b_bcg_displacz.inp
Creating dsvm27b_cr_displacz.inp
Creating dsvm27b_FETI_DP_displacz.inp
Creating dsvm27b_FETI_DPH_displacz.inp
Creating dsvm29_gmres_stressvm.inp
Creating dsvm29_spooles_pivot_stressvm.inp
Creating dsvm30_sparse_displmod.inp
Creating dsvm30_skyline_displmod.inp
Creating dsvm30_spooles_displmod.inp
Creating dsvm30_gmres_displmod.inp
Creating dsvm30_direct_displmod.inp
Creating dsvm30_spooles_pivot_displmod.inp
Creating dsvm30_pcg_displmod.inp
Creating dsvm30_bcg_displmod.inp
Creating dsvm30_cr_displmod.inp
Creating dsvm30_FETI_DP_displmod.inp
Creating dsvm30_FETI_DPH_displmod.inp
Creating dsvm31_sparse_stressvm.inp
Creating dsvm31_skyline_strainvm.inp
Creating dsvm31_spooles_sp3direc.inp
Creating dsvm31_gmres_stressp3.inp
Creating dsvm31_direct_ep3direc.inp
Creating dsvm31_spooles_pivot_stressxx.inp
Creating dsvm31_pcg_stressvm.inp
Creating dsvm31_bcg_strainvm.inp
Creating dsvm31_cr_strainxx.inp
Creating dsvm31_FETI_DP_sp3direc.inp
Creating dsvm31_FETI_DPH_stressp3.inp
Creating dsvm32_sparse_gtempera.inp
Creating dsvm32_spooles_gtempera.inp
Creating dsvm32_gmres_gtempera.inp
Creating dsvm32_spooles_pivot_gtempera.inp
Creating dsvm32_pcg_gtempera.inp
Creating dsvm32_bcg_gtempera.inp
Creating dsvm32_cr_gtempera.inp
Creating dsvm32_FETI_DP_gtempera.inp
Creating dsvm32_FETI_DPH_gtempera.inp
Creating dsvm34_sparse_displmod.inp
Creating dsvm34_spooles_displmod.inp
Creating dsvm34_spooles_pivot_displmod.inp
Creating dsvm35a_sparse_gtempera.inp
Creating dsvm35a_spooles_gtempera.inp
Creating dsvm35a_gmres_gtempera.inp
Creating dsvm35a_spooles_pivot_gtempera.inp
Creating dsvm35a_pcg_gtempera.inp
Creating dsvm35a_bcg_gtempera.inp
Creating dsvm35a_cr_gtempera.inp
Creating dsvm35a_FETI_DP_gtempera.inp
Creating dsvm35a_FETI_DPH_gtempera.inp
Creating dsvm35b_sparse_strainp1.inp
Creating dsvm35b_spooles_strainp1.inp
Creating dsvm35b_gmres_strainp1.inp
Creating dsvm35b_spooles_pivot_strainp1.inp
Creating dsvm35b_pcg_strainp1.inp
Creating dsvm35b_bcg_strainp1.inp
Creating dsvm35b_cr_strainp1.inp
Creating dsvm35b_FETI_DP_strainp1.inp
Creating dsvm35b_FETI_DPH_strainp1.inp
Creating dsvm37_sparse_gtempera.inp
Creating dsvm37_spooles_gtempera.inp
Creating dsvm37_gmres_gtempera.inp
Creating dsvm37_spooles_pivot_gtempera.inp
Creating dsvm37_pcg_gtempera.inp
Creating dsvm37_bcg_gtempera.inp
Creating dsvm37_cr_gtempera.inp
Creating dsvm37_FETI_DP_gtempera.inp
Creating dsvm37_FETI_DPH_gtempera.inp
Creating dsvm38_sparse_gvelocit.inp
Creating dsvm38_spooles_gvelocit.inp
Creating dsvm38_gmres_gvelocit.inp
Creating dsvm38_spooles_pivot_gvelocit.inp
Creating dsvm38_pcg_gvelocit.inp
Creating dsvm38_bcg_gvelocit.inp
Creating dsvm38_cr_gvelocit.inp
Creating dsvm38_FETI_DP_gvelocit.inp
Creating dsvm38_FETI_DPH_gvelocit.inp
Creating dsvm39_sparse_displacx.inp
Creating dsvm39_spooles_displacx.inp
Creating dsvm39_spooles_pivot_displacx.inp
Creating dsvm39_pcg_displacx.inp
Creating dsvm39_bcg_displacx.inp
Creating dsvm39_cr_displacx.inp
Creating dsvm39_FETI_DP_displacx.inp
Creating dsvm39_FETI_DPH_displacx.inp
Creating dsvm40_sparse_displacy.inp
Creating dsvm40_skyline_displacy.inp
Creating dsvm40_gmres_displacy.inp
Creating dsvm40_direct_displacy.inp
Creating dsvm40_pcg_displacy.inp
Creating dsvm40_bcg_displacy.inp
Creating dsvm40_cr_displacy.inp
Creating dsvm40_FETI_DP_displacy.inp
Creating dsvm40_FETI_DPH_displacy.inp
<end of output>
Test time =   5.12 sec
----------------------------------------------------------
Test Passed.
"buildInputs" end time: Oct 01 10:34 PDT
"buildInputs" time elapsed: 00:00:05
----------------------------------------------------------

3/37 Testing: testStatics
3/37 Test: testStatics
Command: "/lustre/home/mpotts/FEM/Regression.d/dataComp.py" "-l" "-n" "statics"
Directory: /lustre/home/mpotts/FEM
"testStatics" start time: Oct 01 10:34 PDT
Output:
----------------------------------------------------------
rm: cannot remove `test.*': No such file or directory
rm: cannot remove `host.*': No such file or directory
time now = 1349112884 and last_mod = 1342117603, diff = 6995281 

statics
current directory is /lustre/home/mpotts/FEM/Regression.d/statics

command is ./run.statics >reg.out 2>&1

[92m 	Match[0m statics/statics_sparse_gdisplac.dat
[94m		Rel diff is 0.000000e+00 on line 190 at location 1
[0m
[91m 	Discrepancy [0m statics/statics_skyline_stressvm.dat
[92m 	Exact match [0m statics/statics_spooles_strainxy.dat
[92m 	Exact match [0m statics/statics_gmres_strainxz.dat
[92m 	Exact match [0m statics/statics_direct_strainxx.dat
[92m 	Exact match [0m statics/statics_pcg_strainxx.dat
[92m 	Exact match [0m statics/statics_spooles_pivot_strainxy.dat
[92m 	Exact match [0m statics/statics_bcg_strainxy.dat
[92m 	Exact match [0m statics/statics_cr_strainxz.dat
[92m 	Exact match [0m statics/statics_pcg_gdispmod.dat
[92m 	Exact match [0m statics/statics_FETI_DP_inyforce.dat
[92m 	Exact match [0m statics/statics_FETI_DPH_inzforce.dat
[92m 	Exact match [0m statics/statics_sparse_axmoment.dat
[92m 	Exact match [0m statics/statics_skyline_aymoment.dat
[92m 	Exact match [0m statics/statics_spooles_energies.dat
[92m 	Exact match [0m statics/statics_gmres_gvelocit.dat
[92m 	Exact match [0m statics/statics_direct_gacceler.dat
[92m 	Exact match [0m statics/statics_spooles_pivot_displmod.dat
statics--17 matches found out of 18 total cases

<end of output>
Test time =   5.89 sec
----------------------------------------------------------
Test Failed.
"testStatics" end time: Oct 01 10:34 PDT
"testStatics" time elapsed: 00:00:05
----------------------------------------------------------

4/37 Testing: testNLstatics
4/37 Test: testNLstatics
Command: "/lustre/home/mpotts/FEM/Regression.d/dataComp.py" "-l" "nlstatics"
Directory: /lustre/home/mpotts/FEM
"testNLstatics" start time: Oct 01 10:34 PDT
Output:
----------------------------------------------------------
rm: cannot remove `test.*': No such file or directory
rm: cannot remove `host.*': No such file or directory
time now = 1349112890 and last_mod = 1349112890, diff = 0 

nlstatics
current directory is /lustre/home/mpotts/FEM/Regression.d/nlstatics

command is ./run.nlstatics >reg.out 2>&1

[92m 	Match[0m nlstatics/nlstatics_sparse_gdisplac.dat
[94m		Rel diff is 0.000000e+00 on line 35 at location 0
[0m
[91m 	Discrepancy [0m nlstatics/nlstatics_skyline_stressvm.dat
[92m 	Exact match [0m nlstatics/nlstatics_gmres_strainxz.dat
[92m 	Exact match [0m nlstatics/nlstatics_spooles_strainxy.dat
[92m 	Exact match [0m nlstatics/nlstatics_pcg_strainxx.dat
[92m 	Exact match [0m nlstatics/nlstatics_direct_strainxx.dat
[92m 	Exact match [0m nlstatics/nlstatics_spooles_pivot_strainxy.dat
[92m 	Exact match [0m nlstatics/nlstatics_bcg_strainxy.dat
[92m 	Exact match [0m nlstatics/nlstatics_cr_strainxz.dat
[92m 	Exact match [0m nlstatics/nlstatics_gmres_gvelocit.dat
[92m 	Exact match [0m nlstatics/nlstatics_pcg_gdispmod.dat
[92m 	Exact match [0m nlstatics/nlstatics_FETI_DP_inyforce.dat
[92m 	Exact match [0m nlstatics/nlstatics_FETI_DPH_inzforce.dat
[92m 	Exact match [0m nlstatics/nlstatics_sparse_axmoment.dat
[92m 	Exact match [0m nlstatics/nlstatics_skyline_aymoment.dat
[92m 	Exact match [0m nlstatics/nlstatics_spooles_energies.dat
[92m 	Exact match [0m nlstatics/nlstatics_direct_gacceler.dat
[92m 	Exact match [0m nlstatics/nlstatics_spooles_pivot_displmod.dat
nlstatics--17 matches found out of 18 total cases

<end of output>
Test time =   9.98 sec
----------------------------------------------------------
Test Failed.
"testNLstatics" end time: Oct 01 10:35 PDT
"testNLstatics" time elapsed: 00:00:09
----------------------------------------------------------

5/37 Testing: testEigen
5/37 Test: testEigen
Command: "/lustre/home/mpotts/FEM/Regression.d/dataComp.py" "-l" "eigen"
Directory: /lustre/home/mpotts/FEM
"testEigen" start time: Oct 01 10:35 PDT
Output:
----------------------------------------------------------
rm: cannot remove `test.*': No such file or directory
rm: cannot remove `host.*': No such file or directory
time now = 1349112900 and last_mod = 1349112900, diff = 0 

eigen
current directory is /lustre/home/mpotts/FEM/Regression.d/eigen

command is ./run.eigen >reg.out 2>&1

[91m 	Discrepancy [0m eigen/eigen_sparse_0_gdisplac.dat
[91m 	Discrepancy [0m eigen/eigen_skyline_10_stressvm.dat
[92m 	Exact match [0m eigen/eigen_gmres_0_strainxz.dat
[92m 	Exact match [0m eigen/eigen_spooles_1000_strainxy.dat
[92m 	Exact match [0m eigen/eigen_direct_10_strainxx.dat
[92m 	Exact match [0m eigen/eigen_pcg_0_strainxx.dat
[92m 	Exact match [0m eigen/eigen_spooles_pivot_100_strainxy.dat
[91m 	Discrepancy [0m eigen/eigen_bcg_10_strainxy.dat
[91m 	Discrepancy [0m eigen/eigen_cr_100_strainxz.dat
[92m 	Exact match [0m eigen/eigen_FETI_DP_0_inyforce.dat
[92m 	Exact match [0m eigen/eigen_gmres_100_gvelocit.dat
[92m 	Exact match [0m eigen/eigen_FETI_DPH_10_inzforce.dat
[92m 	Exact match [0m eigen/eigen_sparse_100_axmoment.dat
[92m 	Exact match [0m eigen/eigen_skyline_1000_aymoment.dat
[92m 	Exact match [0m eigen/eigen_pcg_100_gdispmod.dat
[92m 	Exact match [0m eigen/eigen_spooles_10_energies.dat
[92m 	Exact match [0m eigen/eigen_direct_1000_gacceler.dat
[92m 	Exact match [0m eigen/eigen_spooles_pivot_0_displmod.dat
eigen--14 matches found out of 18 total cases

<end of output>
Test time =  91.01 sec
----------------------------------------------------------
Test Failed.
"testEigen" end time: Oct 01 10:36 PDT
"testEigen" time elapsed: 00:01:31
----------------------------------------------------------

6/37 Testing: testDynamics
6/37 Test: testDynamics
Command: "/lustre/home/mpotts/FEM/Regression.d/dataComp.py" "-l" "dynamics"
Directory: /lustre/home/mpotts/FEM
"testDynamics" start time: Oct 01 10:36 PDT
Output:
----------------------------------------------------------
rm: cannot remove `test.*': No such file or directory
rm: cannot remove `host.*': No such file or directory
time now = 1349112991 and last_mod = 1349112991, diff = 0 

dynamics
current directory is /lustre/home/mpotts/FEM/Regression.d/dynamics

command is ./run.dynamics >reg.out 2>&1

[92m 	Match[0m dynamics/dynamics_sparse_gdisplac.dat
[94m		Rel diff is 0.000000e+00 on line 190187 at location 0
[0m
[92m 	Match[0m dynamics/dynamics_skyline_stressvm.dat
[94m		Rel diff is 9.941840e-05 on line 56621 at location 0
[0m
[92m 	Exact match [0m dynamics/dynamics_gmres_strainxz.dat
[92m 	Exact match [0m dynamics/dynamics_spooles_strainxy.dat
[92m 	Exact match [0m dynamics/dynamics_direct_strainxx.dat
[92m 	Exact match [0m dynamics/dynamics_pcg_strainxx.dat
[92m 	Exact match [0m dynamics/dynamics_spooles_pivot_strainxy.dat
[92m 	Exact match [0m dynamics/dynamics_bcg_strainxy.dat
[92m 	Exact match [0m dynamics/dynamics_cr_strainxz.dat
[92m 	Exact match [0m dynamics/dynamics_FETI_inxforce.dat
[92m 	Exact match [0m dynamics/dynamics_sparse_axmoment.dat
[92m 	Exact match [0m dynamics/dynamics_FETI_DP_inyforce.dat
[92m 	Exact match [0m dynamics/dynamics_FETI_DPH_inzforce.dat
[92m 	Exact match [0m dynamics/dynamics_gmres_gvelocit.dat
[92m 	Exact match [0m dynamics/dynamics_skyline_aymoment.dat
[92m 	Exact match [0m dynamics/dynamics_direct_gacceler.dat
[92m 	Exact match [0m dynamics/dynamics_spooles_energies.dat
[92m 	Exact match [0m dynamics/dynamics_pcg_gdispmod.dat
[92m 	Exact match [0m dynamics/dynamics_spooles_pivot_displmod.dat
dynamics--19 matches found out of 19 total cases

<end of output>
Test time =  90.60 sec
----------------------------------------------------------
Test Passed.
"testDynamics" end time: Oct 01 10:38 PDT
"testDynamics" time elapsed: 00:01:30
----------------------------------------------------------

7/37 Testing: testNLDynamics
7/37 Test: testNLDynamics
Command: "/lustre/home/mpotts/FEM/Regression.d/dataComp.py" "-l" "nldynamics"
Directory: /lustre/home/mpotts/FEM
"testNLDynamics" start time: Oct 01 10:38 PDT
Output:
----------------------------------------------------------
rm: cannot remove `test.*': No such file or directory
rm: cannot remove `host.*': No such file or directory
time now = 1349113082 and last_mod = 1349113082, diff = 0 

nldynamics
current directory is /lustre/home/mpotts/FEM/Regression.d/nldynamics

command is ./run.nldynamics >reg.out 2>&1

[92m 	Exact match [0m nldynamics/nldynamics_sparse_gdisplac.dat
[92m 	Match[0m nldynamics/nldynamics_spooles_stressvm.dat
[94m		Rel diff is 9.945795e-05 on line 56431 at location 0
[0m
[92m 	Exact match [0m nldynamics/nldynamics_spooles_pivot_strainxx.dat
[92m 	Exact match [0m nldynamics/nldynamics_pcg_strainxz.dat
[92m 	Exact match [0m nldynamics/nldynamics_FETI_DP_stressxx.dat
[92m 	Match[0m nldynamics/nldynamics_FETI_DPH_stressxz.dat
[94m		Rel diff is 0.000000e+00 on line 18998 at location 0
[0m
[92m 	Exact match [0m nldynamics/nldynamics_sparse_inzforce.dat
[92m 	Exact match [0m nldynamics/nldynamics_spooles_axmoment.dat
[92m 	Exact match [0m nldynamics/nldynamics_spooles_pivot_energies.dat
nldynamics--9 matches found out of 9 total cases

<end of output>
Test time = 183.85 sec
----------------------------------------------------------
Test Passed.
"testNLDynamics" end time: Oct 01 10:41 PDT
"testNLDynamics" time elapsed: 00:03:03
----------------------------------------------------------

8/37 Testing: testIMPE
8/37 Test: testIMPE
Command: "/lustre/home/mpotts/FEM/Regression.d/dataComp.py" "-l" "impe"
Directory: /lustre/home/mpotts/FEM
"testIMPE" start time: Oct 01 10:41 PDT
Output:
----------------------------------------------------------
rm: cannot remove `test.*': No such file or directory
rm: cannot remove `host.*': No such file or directory
time now = 1349113266 and last_mod = 1349113265, diff = 1 

impe
current directory is /lustre/home/mpotts/FEM/Regression.d/impe

command is ./run.impe >reg.out 2>&1

[92m 	Exact match [0m impe/impe_sparse_gdisplac.dat
[92m 	Exact match [0m impe/impe_skyline_stressvm.dat
[92m 	Exact match [0m impe/impe_gmres_strainxz.dat
[92m 	Exact match [0m impe/impe_spooles_strainxy.dat
[92m 	Exact match [0m impe/impe_direct_strainxx.dat
[92m 	Exact match [0m impe/impe_pcg_strainxx.dat
[92m 	Exact match [0m impe/impe_spooles_pivot_strainxy.dat
[92m 	Exact match [0m impe/impe_bcg_strainxy.dat
[92m 	Exact match [0m impe/impe_cr_strainxz.dat
[92m 	Exact match [0m impe/impe_sparse_axmoment.dat
[92m 	Exact match [0m impe/impe_FETI_DP_inyforce.dat
[92m 	Exact match [0m impe/impe_FETI_DPH_inzforce.dat
[92m 	Exact match [0m impe/impe_gmres_gvelocit.dat
[92m 	Exact match [0m impe/impe_skyline_aymoment.dat
[92m 	Exact match [0m impe/impe_direct_gacceler.dat
[92m 	Exact match [0m impe/impe_spooles_energies.dat
[92m 	Exact match [0m impe/impe_pcg_gdispmod.dat
[92m 	Exact match [0m impe/impe_spooles_pivot_displmod.dat
impe--18 matches found out of 18 total cases

<end of output>
Test time =   6.18 sec
----------------------------------------------------------
Test Passed.
"testIMPE" end time: Oct 01 10:41 PDT
"testIMPE" time elapsed: 00:00:06
----------------------------------------------------------

9/37 Testing: testFreqSweep
9/37 Test: testFreqSweep
Command: "/lustre/home/mpotts/FEM/Regression.d/dataComp.py" "-l" "freqsweep"
Directory: /lustre/home/mpotts/FEM
"testFreqSweep" start time: Oct 01 10:41 PDT
Output:
----------------------------------------------------------
rm: cannot remove `test.*': No such file or directory
rm: cannot remove `host.*': No such file or directory
time now = 1349113272 and last_mod = 1349113272, diff = 0 

freqsweep
current directory is /lustre/home/mpotts/FEM/Regression.d/freqsweep

command is ./run.freqsweep >reg.out 2>&1

[92m 	Exact match [0m freqsweep/freqsweep_sparse_gdisplac.dat
[92m 	Exact match [0m freqsweep/freqsweep_skyline_stressvm.dat
[92m 	Exact match [0m freqsweep/freqsweep_gmres_strainxz.dat
[92m 	Exact match [0m freqsweep/freqsweep_spooles_strainxy.dat
[92m 	Exact match [0m freqsweep/freqsweep_pcg_strainxx.dat
[92m 	Exact match [0m freqsweep/freqsweep_direct_strainxx.dat
[92m 	Exact match [0m freqsweep/freqsweep_spooles_pivot_strainxy.dat
[92m 	Exact match [0m freqsweep/freqsweep_bcg_strainxy.dat
[92m 	Exact match [0m freqsweep/freqsweep_cr_strainxz.dat
[92m 	Exact match [0m freqsweep/freqsweep_gmres_gvelocit.dat
[92m 	Exact match [0m freqsweep/freqsweep_pcg_gdispmod.dat
[92m 	Exact match [0m freqsweep/freqsweep_FETI_DP_inyforce.dat
[92m 	Exact match [0m freqsweep/freqsweep_FETI_DPH_inzforce.dat
[92m 	Exact match [0m freqsweep/freqsweep_sparse_axmoment.dat
[92m 	Exact match [0m freqsweep/freqsweep_skyline_aymoment.dat
[92m 	Exact match [0m freqsweep/freqsweep_spooles_energies.dat
[92m 	Exact match [0m freqsweep/freqsweep_direct_gacceler.dat
[92m 	Exact match [0m freqsweep/freqsweep_spooles_pivot_displmod.dat
freqsweep--18 matches found out of 18 total cases

<end of output>
Test time =   5.50 sec
----------------------------------------------------------
Test Passed.
"testFreqSweep" end time: Oct 01 10:41 PDT
"testFreqSweep" time elapsed: 00:00:05
----------------------------------------------------------

10/37 Testing: testTempStatics
10/37 Test: testTempStatics
Command: "/lustre/home/mpotts/FEM/Regression.d/dataComp.py" "-l" "tempstatics"
Directory: /lustre/home/mpotts/FEM
"testTempStatics" start time: Oct 01 10:41 PDT
Output:
----------------------------------------------------------
rm: cannot remove `test.*': No such file or directory
rm: cannot remove `host.*': No such file or directory
time now = 1349113277 and last_mod = 1349113277, diff = 0 

tempstatics
current directory is /lustre/home/mpotts/FEM/Regression.d/tempstatics

command is ./run.tempstatics >reg.out 2>&1

[92m 	Exact match [0m tempstatics/tempstatics_sparse_gtempera.dat
[92m 	Exact match [0m tempstatics/tempstatics_skyline_gtempvel.dat
[92m 	Exact match [0m tempstatics/tempstatics_spooles_heatflxy.dat
[92m 	Exact match [0m tempstatics/tempstatics_gmres_heatflxz.dat
[92m 	Exact match [0m tempstatics/tempstatics_direct_grdtempx.dat
[92m 	Exact match [0m tempstatics/tempstatics_pcg_gtempera.dat
[92m 	Exact match [0m tempstatics/tempstatics_spooles_pivot_grdtempy.dat
[92m 	Exact match [0m tempstatics/tempstatics_bcg_gtempvel.dat
[92m 	Exact match [0m tempstatics/tempstatics_cr_heatflxx.dat
[92m 	Exact match [0m tempstatics/tempstatics_FETI_DP_heatflxz.dat
[92m 	Exact match [0m tempstatics/tempstatics_FETI_DPH_grdtempx.dat
tempstatics--11 matches found out of 11 total cases

<end of output>
Test time =   2.51 sec
----------------------------------------------------------
Test Passed.
"testTempStatics" end time: Oct 01 10:41 PDT
"testTempStatics" time elapsed: 00:00:02
----------------------------------------------------------

11/37 Testing: testTempNLStatics
11/37 Test: testTempNLStatics
Command: "/lustre/home/mpotts/FEM/Regression.d/dataComp.py" "-l" "tempnlstatics"
Directory: /lustre/home/mpotts/FEM
"testTempNLStatics" start time: Oct 01 10:41 PDT
Output:
----------------------------------------------------------
rm: cannot remove `test.*': No such file or directory
rm: cannot remove `host.*': No such file or directory
time now = 1349113280 and last_mod = 1349113280, diff = 0 

tempnlstatics
current directory is /lustre/home/mpotts/FEM/Regression.d/tempnlstatics

command is ./run.tempnlstatics >reg.out 2>&1

[92m 	Exact match [0m tempnlstatics/tempnlstatics_sparse_gtempera.dat
[92m 	Exact match [0m tempnlstatics/tempnlstatics_skyline_gtempvel.dat
[92m 	Exact match [0m tempnlstatics/tempnlstatics_gmres_heatflxz.dat
[92m 	Exact match [0m tempnlstatics/tempnlstatics_spooles_heatflxy.dat
[92m 	Exact match [0m tempnlstatics/tempnlstatics_pcg_gtempera.dat
[92m 	Exact match [0m tempnlstatics/tempnlstatics_direct_grdtempx.dat
[92m 	Exact match [0m tempnlstatics/tempnlstatics_spooles_pivot_grdtempy.dat
[92m 	Exact match [0m tempnlstatics/tempnlstatics_bcg_gtempvel.dat
[92m 	Exact match [0m tempnlstatics/tempnlstatics_cr_heatflxx.dat
[92m 	Exact match [0m tempnlstatics/tempnlstatics_FETI_DP_heatflxz.dat
[92m 	Exact match [0m tempnlstatics/tempnlstatics_FETI_DPH_grdtempx.dat
tempnlstatics--11 matches found out of 11 total cases

<end of output>
Test time =   2.32 sec
----------------------------------------------------------
Test Passed.
"testTempNLStatics" end time: Oct 01 10:41 PDT
"testTempNLStatics" time elapsed: 00:00:02
----------------------------------------------------------

12/37 Testing: testTempDynamics
12/37 Test: testTempDynamics
Command: "/lustre/home/mpotts/FEM/Regression.d/dataComp.py" "-l" "tempdynamics"
Directory: /lustre/home/mpotts/FEM
"testTempDynamics" start time: Oct 01 10:41 PDT
Output:
----------------------------------------------------------
rm: cannot remove `test.*': No such file or directory
rm: cannot remove `host.*': No such file or directory
time now = 1349113282 and last_mod = 1349113282, diff = 0 

tempdynamics
current directory is /lustre/home/mpotts/FEM/Regression.d/tempdynamics

command is ./run.tempdynamics >reg.out 2>&1

[92m 	Exact match [0m tempdynamics/tempdynamics_sparse_gtempera.dat
[92m 	Exact match [0m tempdynamics/tempdynamics_skyline_gtempvel.dat
[92m 	Exact match [0m tempdynamics/tempdynamics_gmres_heatflxz.dat
[92m 	Exact match [0m tempdynamics/tempdynamics_spooles_heatflxy.dat
[92m 	Exact match [0m tempdynamics/tempdynamics_direct_grdtempx.dat
[92m 	Exact match [0m tempdynamics/tempdynamics_pcg_gtempera.dat
[92m 	Exact match [0m tempdynamics/tempdynamics_spooles_pivot_grdtempy.dat
[92m 	Exact match [0m tempdynamics/tempdynamics_bcg_gtempvel.dat
[92m 	Exact match [0m tempdynamics/tempdynamics_cr_heatflxx.dat
[92m 	Exact match [0m tempdynamics/tempdynamics_FETI_heatflxy.dat
[92m 	Exact match [0m tempdynamics/tempdynamics_FETI_DP_heatflxz.dat
[92m 	Exact match [0m tempdynamics/tempdynamics_FETI_DPH_grdtempx.dat
tempdynamics--12 matches found out of 12 total cases

<end of output>
Test time =   3.30 sec
----------------------------------------------------------
Test Passed.
"testTempDynamics" end time: Oct 01 10:41 PDT
"testTempDynamics" time elapsed: 00:00:03
----------------------------------------------------------

13/37 Testing: testTempNLDynamics
13/37 Test: testTempNLDynamics
Command: "/lustre/home/mpotts/FEM/Regression.d/dataComp.py" "-l" "tempnldynamics"
Directory: /lustre/home/mpotts/FEM
"testTempNLDynamics" start time: Oct 01 10:41 PDT
Output:
----------------------------------------------------------
rm: cannot remove `test.*': No such file or directory
rm: cannot remove `host.*': No such file or directory
time now = 1349113285 and last_mod = 1349113285, diff = 0 

tempnldynamics
current directory is /lustre/home/mpotts/FEM/Regression.d/tempnldynamics

command is ./run.tempnldynamics >reg.out 2>&1

[92m 	Exact match [0m tempnldynamics/tempnldynamics_sparse_gtempera.dat
[92m 	Exact match [0m tempnldynamics/tempnldynamics_skyline_gtempvel.dat
[92m 	Exact match [0m tempnldynamics/tempnldynamics_spooles_heatflxy.dat
[92m 	Exact match [0m tempnldynamics/tempnldynamics_gmres_heatflxz.dat
[92m 	Exact match [0m tempnldynamics/tempnldynamics_direct_grdtempx.dat
[92m 	Exact match [0m tempnldynamics/tempnldynamics_spooles_pivot_grdtempy.dat
[92m 	Exact match [0m tempnldynamics/tempnldynamics_pcg_gtempera.dat
[92m 	Exact match [0m tempnldynamics/tempnldynamics_bcg_gtempvel.dat
[92m 	Exact match [0m tempnldynamics/tempnldynamics_cr_heatflxx.dat
[92m 	Exact match [0m tempnldynamics/tempnldynamics_FETI_heatflxy.dat
[92m 	Exact match [0m tempnldynamics/tempnldynamics_FETI_DP_heatflxz.dat
[92m 	Exact match [0m tempnldynamics/tempnldynamics_FETI_DPH_grdtempx.dat
tempnldynamics--12 matches found out of 12 total cases

<end of output>
Test time =   8.36 sec
----------------------------------------------------------
Test Passed.
"testTempNLDynamics" end time: Oct 01 10:41 PDT
"testTempNLDynamics" time elapsed: 00:00:08
----------------------------------------------------------

14/37 Testing: testRtest1
14/37 Test: testRtest1
Command: "/lustre/home/mpotts/FEM/Regression.d/dataComp.py" "-l" "dsvm1"
Directory: /lustre/home/mpotts/FEM
"testRtest1" start time: Oct 01 10:41 PDT
Output:
----------------------------------------------------------
rm: cannot remove `test.*': No such file or directory
rm: cannot remove `host.*': No such file or directory
time now = 1349113294 and last_mod = 1349113294, diff = 0 

dsvm1
current directory is /lustre/home/mpotts/FEM/Regression.d/dsvm1

command is ./run.dsvm1 >reg.out 2>&1

[92m 	Match[0m dsvm1/dsvm1_sparse_reaction.dat
[94m		Rel diff is 0.000000e+00 on line 5 at location 6
[0m
[92m 	Match[0m dsvm1/dsvm1_sparse_reaction_2.dat
[94m		Rel diff is 0.000000e+00 on line 6 at location 4
[0m
[92m 	Exact match [0m dsvm1/dsvm1_skyline_reaction.dat
[92m 	Exact match [0m dsvm1/dsvm1_skyline_reaction_2.dat
[92m 	Exact match [0m dsvm1/dsvm1_spooles_reaction.dat
[92m 	Exact match [0m dsvm1/dsvm1_gmres_reaction.dat
[92m 	Exact match [0m dsvm1/dsvm1_spooles_reaction_2.dat
[92m 	Exact match [0m dsvm1/dsvm1_gmres_reaction_2.dat
[92m 	Exact match [0m dsvm1/dsvm1_direct_reaction.dat
[92m 	Exact match [0m dsvm1/dsvm1_pcg_reaction.dat
[92m 	Exact match [0m dsvm1/dsvm1_direct_reaction_2.dat
[92m 	Exact match [0m dsvm1/dsvm1_pcg_reaction_2.dat
[92m 	Exact match [0m dsvm1/dsvm1_spooles_pivot_reaction.dat
[92m 	Exact match [0m dsvm1/dsvm1_spooles_pivot_reaction_2.dat
[92m 	Exact match [0m dsvm1/dsvm1_bcg_reaction.dat
[92m 	Exact match [0m dsvm1/dsvm1_bcg_reaction_2.dat
[92m 	Exact match [0m dsvm1/dsvm1_cr_reaction.dat
[92m 	Exact match [0m dsvm1/dsvm1_cr_reaction_2.dat
[92m 	Exact match [0m dsvm1/dsvm1_FETI_DP_reaction.dat
[92m 	Exact match [0m dsvm1/dsvm1_FETI_DP_reaction_2.dat
[92m 	Exact match [0m dsvm1/dsvm1_FETI_DPH_reaction.dat
[92m 	Exact match [0m dsvm1/dsvm1_FETI_DPH_reaction_2.dat
dsvm1--22 matches found out of 22 total cases

<end of output>
Test time =   2.63 sec
----------------------------------------------------------
Test Passed.
"testRtest1" end time: Oct 01 10:41 PDT
"testRtest1" time elapsed: 00:00:02
----------------------------------------------------------

15/37 Testing: testRtest2
15/37 Test: testRtest2
Command: "/lustre/home/mpotts/FEM/Regression.d/dataComp.py" "-r" "dsvm2"
Directory: /lustre/home/mpotts/FEM
"testRtest2" start time: Oct 01 10:41 PDT
Output:
----------------------------------------------------------
time now = 1349113296 and last_mod = 1349113296, diff = 0 

dsvm2
dsvm2--0 matches found out of 0 total cases

<end of output>
Test time = 110.08 sec
----------------------------------------------------------
Test Passed.
"testRtest2" end time: Oct 01 10:43 PDT
"testRtest2" time elapsed: 00:01:50
----------------------------------------------------------

16/37 Testing: testRtest11
16/37 Test: testRtest11
Command: "/lustre/home/mpotts/FEM/Regression.d/dataComp.py" "-r" "dsvm11"
Directory: /lustre/home/mpotts/FEM
"testRtest11" start time: Oct 01 10:43 PDT
Output:
----------------------------------------------------------
time now = 1349113406 and last_mod = 1349113406, diff = 0 

dsvm11
dsvm11--0 matches found out of 0 total cases

<end of output>
Test time =  90.08 sec
----------------------------------------------------------
Test Passed.
"testRtest11" end time: Oct 01 10:44 PDT
"testRtest11" time elapsed: 00:01:30
----------------------------------------------------------

17/37 Testing: testRtest13
17/37 Test: testRtest13
Command: "/lustre/home/mpotts/FEM/Regression.d/dataComp.py" "-l" "dsvm13"
Directory: /lustre/home/mpotts/FEM
"testRtest13" start time: Oct 01 10:44 PDT
Output:
----------------------------------------------------------
rm: cannot remove `test.*': No such file or directory
rm: cannot remove `host.*': No such file or directory
time now = 1349113496 and last_mod = 1349113496, diff = 0 

dsvm13
current directory is /lustre/home/mpotts/FEM/Regression.d/dsvm13

command is ./run.dsvm13 >reg.out 2>&1

[92m 	Exact match [0m dsvm13/dsvm13_sparse_buckle_geigenpa.dat
[92m 	Exact match [0m dsvm13/dsvm13_skyline_buckle_geigenpa.dat
[92m 	Exact match [0m dsvm13/dsvm13_spooles_buckle_geigenpa.dat
[91m 	Discrepancy [0m dsvm13/dsvm13_pcg_buckle_geigenpa.dat
[92m 	Exact match [0m dsvm13/dsvm13_direct_buckle_geigenpa.dat
[91m 	Discrepancy [0m dsvm13/dsvm13_bcg_buckle_geigenpa.dat
[92m 	Exact match [0m dsvm13/dsvm13_spooles_pivot_buckle_geigenpa.dat
[91m 	Discrepancy [0m dsvm13/dsvm13_cr_buckle_geigenpa.dat
[92m 	Exact match [0m dsvm13/dsvm13_FETI_DP_buckle_geigenpa.dat
[92m 	Exact match [0m dsvm13/dsvm13_FETI_DPH_buckle_geigenpa.dat
dsvm13--7 matches found out of 10 total cases

<end of output>
Test time = 111.62 sec
----------------------------------------------------------
Test Failed.
"testRtest13" end time: Oct 01 10:46 PDT
"testRtest13" time elapsed: 00:01:51
----------------------------------------------------------

18/37 Testing: testRtest19
18/37 Test: testRtest19
Command: "/lustre/home/mpotts/FEM/Regression.d/dataComp.py" "-l" "dsvm19"
Directory: /lustre/home/mpotts/FEM
"testRtest19" start time: Oct 01 10:46 PDT
Output:
----------------------------------------------------------
rm: cannot remove `test.*': No such file or directory
rm: cannot remove `host.*': No such file or directory
time now = 1349113608 and last_mod = 1349113608, diff = 0 

dsvm19
current directory is /lustre/home/mpotts/FEM/Regression.d/dsvm19

command is ./run.dsvm19 >reg.out 2>&1

[92m 	Exact match [0m dsvm19/dsvm19_sparse_displacy.dat
[92m 	Exact match [0m dsvm19/dsvm19_spooles_pivot_displacy.dat
[92m 	Exact match [0m dsvm19/dsvm19_skyline_displacy.dat
[92m 	Exact match [0m dsvm19/dsvm19_spooles_displacy.dat
[92m 	Exact match [0m dsvm19/dsvm19_direct_displacy.dat
[92m 	Exact match [0m dsvm19/dsvm19_pcg_displacy.dat
[92m 	Exact match [0m dsvm19/dsvm19_bcg_displacy.dat
[92m 	Exact match [0m dsvm19/dsvm19_cr_displacy.dat
[92m 	Exact match [0m dsvm19/dsvm19_FETI_DP_displacy.dat
[92m 	Exact match [0m dsvm19/dsvm19_FETI_DPH_displacy.dat
dsvm19--10 matches found out of 10 total cases

<end of output>
Test time =   2.06 sec
----------------------------------------------------------
Test Passed.
"testRtest19" end time: Oct 01 10:46 PDT
"testRtest19" time elapsed: 00:00:02
----------------------------------------------------------

19/37 Testing: testRtest20
19/37 Test: testRtest20
Command: "/lustre/home/mpotts/FEM/Regression.d/dataComp.py" "-l" "dsvm20"
Directory: /lustre/home/mpotts/FEM
"testRtest20" start time: Oct 01 10:46 PDT
Output:
----------------------------------------------------------
rm: cannot remove `test.*': No such file or directory
rm: cannot remove `host.*': No such file or directory
time now = 1349113610 and last_mod = 1349113610, diff = 0 

dsvm20
current directory is /lustre/home/mpotts/FEM/Regression.d/dsvm20

command is ./run.dsvm20 >reg.out 2>&1

[92m 	Exact match [0m dsvm20/dsvm20_sparse_gdispmod.dat
[92m 	Exact match [0m dsvm20/dsvm20_spooles_pivot_gdispmod.dat
[92m 	Exact match [0m dsvm20/dsvm20_skyline_gdispmod.dat
[92m 	Exact match [0m dsvm20/dsvm20_spooles_gdispmod.dat
[92m 	Exact match [0m dsvm20/dsvm20_direct_gdispmod.dat
[92m 	Exact match [0m dsvm20/dsvm20_pcg_gdispmod.dat
[92m 	Exact match [0m dsvm20/dsvm20_bcg_gdispmod.dat
[92m 	Exact match [0m dsvm20/dsvm20_cr_gdispmod.dat
[92m 	Exact match [0m dsvm20/dsvm20_FETI_DP_gdispmod.dat
[92m 	Exact match [0m dsvm20/dsvm20_FETI_DPH_gdispmod.dat
dsvm20--10 matches found out of 10 total cases

<end of output>
Test time =   2.96 sec
----------------------------------------------------------
Test Passed.
"testRtest20" end time: Oct 01 10:46 PDT
"testRtest20" time elapsed: 00:00:02
----------------------------------------------------------

20/37 Testing: testRtest21
20/37 Test: testRtest21
Command: "/lustre/home/mpotts/FEM/Regression.d/dataComp.py" "-l" "dsvm21"
Directory: /lustre/home/mpotts/FEM
"testRtest21" start time: Oct 01 10:46 PDT
Output:
----------------------------------------------------------
rm: cannot remove `test.*': No such file or directory
rm: cannot remove `host.*': No such file or directory
time now = 1349113613 and last_mod = 1349113613, diff = 0 

dsvm21
current directory is /lustre/home/mpotts/FEM/Regression.d/dsvm21

command is ./run.dsvm21 >reg.out 2>&1

[92m 	Exact match [0m dsvm21/dsvm21_sparse_displacy.dat
[92m 	Exact match [0m dsvm21/dsvm21_spooles_pivot_displacy.dat
[92m 	Exact match [0m dsvm21/dsvm21_skyline_displacy.dat
[92m 	Exact match [0m dsvm21/dsvm21_spooles_displacy.dat
[92m 	Exact match [0m dsvm21/dsvm21_direct_displacy.dat
[92m 	Exact match [0m dsvm21/dsvm21_pcg_displacy.dat
[92m 	Match[0m dsvm21/dsvm21_bcg_displacy.dat
[94m		Rel diff is 0.000000e+00 on line 43 at location 0
[0m
[92m 	Match[0m dsvm21/dsvm21_cr_displacy.dat
[94m		Rel diff is 0.000000e+00 on line 43 at location 0
[0m
dsvm21--8 matches found out of 8 total cases

<end of output>
Test time =   2.10 sec
----------------------------------------------------------
Test Passed.
"testRtest21" end time: Oct 01 10:46 PDT
"testRtest21" time elapsed: 00:00:02
----------------------------------------------------------

21/37 Testing: testRtest22
21/37 Test: testRtest22
Command: "/lustre/home/mpotts/FEM/Regression.d/dataComp.py" "-l" "dsvm22"
Directory: /lustre/home/mpotts/FEM
"testRtest22" start time: Oct 01 10:46 PDT
Output:
----------------------------------------------------------
rm: cannot remove `test.*': No such file or directory
rm: cannot remove `host.*': No such file or directory
time now = 1349113615 and last_mod = 1349113615, diff = 0 

dsvm22
current directory is /lustre/home/mpotts/FEM/Regression.d/dsvm22

command is ./run.dsvm22 >reg.out 2>&1

[92m 	Exact match [0m dsvm22/dsvm22_sparse_displacz.dat
[92m 	Exact match [0m dsvm22/dsvm22_sparse_displacz_2.dat
[92m 	Exact match [0m dsvm22/dsvm22_sparse_displacz_3.dat
[92m 	Exact match [0m dsvm22/dsvm22_sparse_displacz_4.dat
[92m 	Exact match [0m dsvm22/dsvm22_spooles_pivot_displacz.dat
[92m 	Exact match [0m dsvm22/dsvm22_spooles_pivot_displacz_2.dat
[92m 	Exact match [0m dsvm22/dsvm22_spooles_pivot_displacz_3.dat
[92m 	Exact match [0m dsvm22/dsvm22_spooles_pivot_displacz_4.dat
[92m 	Exact match [0m dsvm22/dsvm22_skyline_displacz.dat
[92m 	Exact match [0m dsvm22/dsvm22_skyline_displacz_2.dat
[92m 	Exact match [0m dsvm22/dsvm22_skyline_displacz_3.dat
[92m 	Exact match [0m dsvm22/dsvm22_skyline_displacz_4.dat
[92m 	Exact match [0m dsvm22/dsvm22_spooles_displacz.dat
[92m 	Exact match [0m dsvm22/dsvm22_spooles_displacz_2.dat
[92m 	Exact match [0m dsvm22/dsvm22_spooles_displacz_3.dat
[92m 	Exact match [0m dsvm22/dsvm22_spooles_displacz_4.dat
[92m 	Exact match [0m dsvm22/dsvm22_direct_displacz.dat
[92m 	Exact match [0m dsvm22/dsvm22_direct_displacz_2.dat
[92m 	Exact match [0m dsvm22/dsvm22_direct_displacz_3.dat
[92m 	Exact match [0m dsvm22/dsvm22_direct_displacz_4.dat
[92m 	Exact match [0m dsvm22/dsvm22_pcg_displacz.dat
[92m 	Exact match [0m dsvm22/dsvm22_pcg_displacz_2.dat
[92m 	Exact match [0m dsvm22/dsvm22_pcg_displacz_3.dat
[92m 	Exact match [0m dsvm22/dsvm22_pcg_displacz_4.dat
[92m 	Exact match [0m dsvm22/dsvm22_bcg_displacz.dat
[92m 	Exact match [0m dsvm22/dsvm22_bcg_displacz_2.dat
[92m 	Exact match [0m dsvm22/dsvm22_bcg_displacz_3.dat
[92m 	Exact match [0m dsvm22/dsvm22_bcg_displacz_4.dat
[92m 	Exact match [0m dsvm22/dsvm22_cr_displacz.dat
[92m 	Exact match [0m dsvm22/dsvm22_cr_displacz_2.dat
[92m 	Exact match [0m dsvm22/dsvm22_cr_displacz_3.dat
[92m 	Exact match [0m dsvm22/dsvm22_cr_displacz_4.dat
[92m 	Exact match [0m dsvm22/dsvm22_FETI_DP_displacz.dat
[92m 	Exact match [0m dsvm22/dsvm22_FETI_DP_displacz_2.dat
[92m 	Exact match [0m dsvm22/dsvm22_FETI_DP_displacz_3.dat
[92m 	Exact match [0m dsvm22/dsvm22_FETI_DP_displacz_4.dat
[92m 	Exact match [0m dsvm22/dsvm22_FETI_DPH_displacz.dat
[92m 	Exact match [0m dsvm22/dsvm22_FETI_DPH_displacz_2.dat
[92m 	Exact match [0m dsvm22/dsvm22_FETI_DPH_displacz_3.dat
[92m 	Exact match [0m dsvm22/dsvm22_FETI_DPH_displacz_4.dat
dsvm22--40 matches found out of 40 total cases

<end of output>
Test time =   8.31 sec
----------------------------------------------------------
Test Passed.
"testRtest22" end time: Oct 01 10:47 PDT
"testRtest22" time elapsed: 00:00:08
----------------------------------------------------------

22/37 Testing: testRtest23
22/37 Test: testRtest23
Command: "/lustre/home/mpotts/FEM/Regression.d/dataComp.py" "-l" "dsvm23"
Directory: /lustre/home/mpotts/FEM
"testRtest23" start time: Oct 01 10:47 PDT
Output:
----------------------------------------------------------
rm: cannot remove `test.*': No such file or directory
rm: cannot remove `host.*': No such file or directory
time now = 1349113624 and last_mod = 1349113623, diff = 1 

dsvm23
current directory is /lustre/home/mpotts/FEM/Regression.d/dsvm23

command is ./run.dsvm23 >reg.out 2>&1

[92m 	Exact match [0m dsvm23/dsvm23_sparse_displacy.dat
[92m 	Exact match [0m dsvm23/dsvm23_spooles_pivot_displacy.dat
[92m 	Exact match [0m dsvm23/dsvm23_skyline_displacy.dat
[92m 	Exact match [0m dsvm23/dsvm23_spooles_displacy.dat
[92m 	Exact match [0m dsvm23/dsvm23_direct_displacy.dat
[92m 	Exact match [0m dsvm23/dsvm23_pcg_displacy.dat
[92m 	Exact match [0m dsvm23/dsvm23_bcg_displacy.dat
[92m 	Exact match [0m dsvm23/dsvm23_cr_displacy.dat
[92m 	Exact match [0m dsvm23/dsvm23_FETI_DP_displacy.dat
[92m 	Exact match [0m dsvm23/dsvm23_FETI_DPH_displacy.dat
dsvm23--10 matches found out of 10 total cases

<end of output>
Test time =   1.69 sec
----------------------------------------------------------
Test Passed.
"testRtest23" end time: Oct 01 10:47 PDT
"testRtest23" time elapsed: 00:00:01
----------------------------------------------------------

23/37 Testing: testRtest24
23/37 Test: testRtest24
Command: "/lustre/home/mpotts/FEM/Regression.d/dataComp.py" "-r" "dsvm24"
Directory: /lustre/home/mpotts/FEM
"testRtest24" start time: Oct 01 10:47 PDT
Output:
----------------------------------------------------------
time now = 1349113625 and last_mod = 1349113625, diff = 0 

dsvm24
dsvm24--0 matches found out of 0 total cases

<end of output>
Test time =  90.08 sec
----------------------------------------------------------
Test Passed.
"testRtest24" end time: Oct 01 10:48 PDT
"testRtest24" time elapsed: 00:01:30
----------------------------------------------------------

24/37 Testing: testRtest25
24/37 Test: testRtest25
Command: "/lustre/home/mpotts/FEM/Regression.d/dataComp.py" "-l" "dsvm25"
Directory: /lustre/home/mpotts/FEM
"testRtest25" start time: Oct 01 10:48 PDT
Output:
----------------------------------------------------------
rm: cannot remove `*.dat': No such file or directory
rm: cannot remove `test.*': No such file or directory
rm: cannot remove `host.*': No such file or directory
time now = 1349113715 and last_mod = 1349113715, diff = 0 

dsvm25
current directory is /lustre/home/mpotts/FEM/Regression.d/dsvm25

command is ./run.dsvm25 >reg.out 2>&1

dsvm25--0 matches found out of 0 total cases

<end of output>
Test time =  24.60 sec
----------------------------------------------------------
Test Passed.
"testRtest25" end time: Oct 01 10:49 PDT
"testRtest25" time elapsed: 00:00:24
----------------------------------------------------------

25/37 Testing: testRtest27a
25/37 Test: testRtest27a
Command: "/lustre/home/mpotts/FEM/Regression.d/dataComp.py" "-l" "dsvm27a"
Directory: /lustre/home/mpotts/FEM
"testRtest27a" start time: Oct 01 10:49 PDT
Output:
----------------------------------------------------------
rm: cannot remove `test.*': No such file or directory
rm: cannot remove `host.*': No such file or directory
time now = 1349113740 and last_mod = 1349113740, diff = 0 

dsvm27a
current directory is /lustre/home/mpotts/FEM/Regression.d/dsvm27a

command is ./run.dsvm27a >reg.out 2>&1

[92m 	Exact match [0m dsvm27a/dsvm27a_sparse_gtempera.dat
[92m 	Exact match [0m dsvm27a/dsvm27a_sparse_gtempera_2.dat
[92m 	Exact match [0m dsvm27a/dsvm27a_sparse_gtempera_3.dat
[92m 	Exact match [0m dsvm27a/dsvm27a_spooles_pivot_gtempera.dat
[92m 	Exact match [0m dsvm27a/dsvm27a_spooles_pivot_gtempera_2.dat
[92m 	Exact match [0m dsvm27a/dsvm27a_spooles_pivot_gtempera_3.dat
[92m 	Exact match [0m dsvm27a/dsvm27a_skyline_gtempera.dat
[92m 	Exact match [0m dsvm27a/dsvm27a_skyline_gtempera_2.dat
[92m 	Exact match [0m dsvm27a/dsvm27a_skyline_gtempera_3.dat
[92m 	Exact match [0m dsvm27a/dsvm27a_spooles_gtempera.dat
[92m 	Exact match [0m dsvm27a/dsvm27a_spooles_gtempera_2.dat
[92m 	Exact match [0m dsvm27a/dsvm27a_spooles_gtempera_3.dat
[92m 	Exact match [0m dsvm27a/dsvm27a_direct_gtempera.dat
[92m 	Exact match [0m dsvm27a/dsvm27a_direct_gtempera_2.dat
[92m 	Exact match [0m dsvm27a/dsvm27a_direct_gtempera_3.dat
[92m 	Exact match [0m dsvm27a/dsvm27a_pcg_gtempera.dat
[92m 	Exact match [0m dsvm27a/dsvm27a_pcg_gtempera_2.dat
[92m 	Exact match [0m dsvm27a/dsvm27a_pcg_gtempera_3.dat
[92m 	Exact match [0m dsvm27a/dsvm27a_bcg_gtempera.dat
[92m 	Exact match [0m dsvm27a/dsvm27a_bcg_gtempera_2.dat
[92m 	Exact match [0m dsvm27a/dsvm27a_bcg_gtempera_3.dat
[92m 	Exact match [0m dsvm27a/dsvm27a_cr_gtempera.dat
[92m 	Exact match [0m dsvm27a/dsvm27a_cr_gtempera_2.dat
[92m 	Exact match [0m dsvm27a/dsvm27a_cr_gtempera_3.dat
[92m 	Exact match [0m dsvm27a/dsvm27a_FETI_DP_gtempera.dat
[92m 	Exact match [0m dsvm27a/dsvm27a_FETI_DP_gtempera_2.dat
[92m 	Exact match [0m dsvm27a/dsvm27a_FETI_DP_gtempera_3.dat
[92m 	Exact match [0m dsvm27a/dsvm27a_FETI_DPH_gtempera.dat
[92m 	Exact match [0m dsvm27a/dsvm27a_FETI_DPH_gtempera_2.dat
[92m 	Exact match [0m dsvm27a/dsvm27a_FETI_DPH_gtempera_3.dat
dsvm27a--30 matches found out of 30 total cases

<end of output>
Test time =   2.61 sec
----------------------------------------------------------
Test Passed.
"testRtest27a" end time: Oct 01 10:49 PDT
"testRtest27a" time elapsed: 00:00:02
----------------------------------------------------------

26/37 Testing: testRtest27b
26/37 Test: testRtest27b
Command: "/lustre/home/mpotts/FEM/Regression.d/dataComp.py" "-l" "dsvm27b"
Directory: /lustre/home/mpotts/FEM
"testRtest27b" start time: Oct 01 10:49 PDT
Output:
----------------------------------------------------------
rm: cannot remove `test.*': No such file or directory
rm: cannot remove `host.*': No such file or directory
time now = 1349113743 and last_mod = 1349113742, diff = 1 

dsvm27b
current directory is /lustre/home/mpotts/FEM/Regression.d/dsvm27b

command is ./run.dsvm27b >reg.out 2>&1

[92m 	Exact match [0m dsvm27b/dsvm27b_sparse_displacz.dat
[92m 	Exact match [0m dsvm27b/dsvm27b_spooles_pivot_displacz.dat
[92m 	Exact match [0m dsvm27b/dsvm27b_skyline_displacz.dat
[92m 	Exact match [0m dsvm27b/dsvm27b_spooles_displacz.dat
[92m 	Exact match [0m dsvm27b/dsvm27b_direct_displacz.dat
[92m 	Exact match [0m dsvm27b/dsvm27b_pcg_displacz.dat
[92m 	Exact match [0m dsvm27b/dsvm27b_bcg_displacz.dat
[92m 	Exact match [0m dsvm27b/dsvm27b_cr_displacz.dat
[92m 	Exact match [0m dsvm27b/dsvm27b_FETI_DP_displacz.dat
[92m 	Exact match [0m dsvm27b/dsvm27b_FETI_DPH_displacz.dat
dsvm27b--10 matches found out of 10 total cases

<end of output>
Test time =   1.87 sec
----------------------------------------------------------
Test Passed.
"testRtest27b" end time: Oct 01 10:49 PDT
"testRtest27b" time elapsed: 00:00:01
----------------------------------------------------------

27/37 Testing: testRtest29
27/37 Test: testRtest29
Command: "/lustre/home/mpotts/FEM/Regression.d/dataComp.py" "-r" "dsvm29"
Directory: /lustre/home/mpotts/FEM
"testRtest29" start time: Oct 01 10:49 PDT
Output:
----------------------------------------------------------
time now = 1349113744 and last_mod = 1349113744, diff = 0 

dsvm29
dsvm29--0 matches found out of 0 total cases

<end of output>
Test time = 100.08 sec
----------------------------------------------------------
Test Passed.
"testRtest29" end time: Oct 01 10:50 PDT
"testRtest29" time elapsed: 00:01:40
----------------------------------------------------------

28/37 Testing: testRtest30
28/37 Test: testRtest30
Command: "/lustre/home/mpotts/FEM/Regression.d/dataComp.py" "-l" "dsvm30"
Directory: /lustre/home/mpotts/FEM
"testRtest30" start time: Oct 01 10:50 PDT
Output:
----------------------------------------------------------
rm: cannot remove `test.*': No such file or directory
rm: cannot remove `host.*': No such file or directory
time now = 1349113844 and last_mod = 1349113844, diff = 0 

dsvm30
current directory is /lustre/home/mpotts/FEM/Regression.d/dsvm30

command is ./run.dsvm30 >reg.out 2>&1

[92m 	Exact match [0m dsvm30/dsvm30_sparse_displmod.dat
[92m 	Match[0m dsvm30/dsvm30_sparse_displmod_2.dat
[94m		Rel diff is 0.000000e+00 on line 6 at location 4
[0m
[92m 	Match[0m dsvm30/dsvm30_sparse_displmod_3.dat
[94m		Rel diff is 0.000000e+00 on line 4 at location 5
[0m
[92m 	Exact match [0m dsvm30/dsvm30_skyline_displmod.dat
[92m 	Exact match [0m dsvm30/dsvm30_skyline_displmod_2.dat
[92m 	Exact match [0m dsvm30/dsvm30_skyline_displmod_3.dat
[92m 	Exact match [0m dsvm30/dsvm30_spooles_displmod.dat
[92m 	Exact match [0m dsvm30/dsvm30_spooles_displmod_2.dat
[92m 	Exact match [0m dsvm30/dsvm30_pcg_displmod.dat
[92m 	Exact match [0m dsvm30/dsvm30_spooles_displmod_3.dat
[92m 	Exact match [0m dsvm30/dsvm30_gmres_displmod.dat
[92m 	Exact match [0m dsvm30/dsvm30_gmres_displmod_2.dat
[92m 	Exact match [0m dsvm30/dsvm30_gmres_displmod_3.dat
[92m 	Exact match [0m dsvm30/dsvm30_direct_displmod.dat
[92m 	Exact match [0m dsvm30/dsvm30_direct_displmod_2.dat
[92m 	Exact match [0m dsvm30/dsvm30_direct_displmod_3.dat
[92m 	Exact match [0m dsvm30/dsvm30_spooles_pivot_displmod.dat
[92m 	Exact match [0m dsvm30/dsvm30_spooles_pivot_displmod_2.dat
[92m 	Exact match [0m dsvm30/dsvm30_spooles_pivot_displmod_3.dat
[92m 	Exact match [0m dsvm30/dsvm30_pcg_displmod_2.dat
[92m 	Exact match [0m dsvm30/dsvm30_pcg_displmod_3.dat
[92m 	Exact match [0m dsvm30/dsvm30_bcg_displmod.dat
[92m 	Exact match [0m dsvm30/dsvm30_bcg_displmod_2.dat
[92m 	Exact match [0m dsvm30/dsvm30_bcg_displmod_3.dat
[92m 	Exact match [0m dsvm30/dsvm30_cr_displmod.dat
[92m 	Exact match [0m dsvm30/dsvm30_cr_displmod_2.dat
[92m 	Exact match [0m dsvm30/dsvm30_cr_displmod_3.dat
[92m 	Exact match [0m dsvm30/dsvm30_FETI_DP_displmod.dat
[92m 	Exact match [0m dsvm30/dsvm30_FETI_DPH_displmod.dat
[92m 	Match[0m dsvm30/dsvm30_FETI_DP_displmod_2.dat
[94m		Rel diff is 0.000000e+00 on line 6 at location 4
[0m
[92m 	Exact match [0m dsvm30/dsvm30_FETI_DP_displmod_3.dat
[92m 	Match[0m dsvm30/dsvm30_FETI_DPH_displmod_2.dat
[94m		Rel diff is 0.000000e+00 on line 6 at location 4
[0m
[92m 	Exact match [0m dsvm30/dsvm30_FETI_DPH_displmod_3.dat
dsvm30--33 matches found out of 33 total cases

<end of output>
Test time =  12.81 sec
----------------------------------------------------------
Test Passed.
"testRtest30" end time: Oct 01 10:50 PDT
"testRtest30" time elapsed: 00:00:12
----------------------------------------------------------

29/37 Testing: testRtest31
29/37 Test: testRtest31
Command: "/lustre/home/mpotts/FEM/Regression.d/dataComp.py" "-l" "dsvm31"
Directory: /lustre/home/mpotts/FEM
"testRtest31" start time: Oct 01 10:50 PDT
Output:
----------------------------------------------------------
rm: cannot remove `test.*': No such file or directory
rm: cannot remove `host.*': No such file or directory
time now = 1349113857 and last_mod = 1349113857, diff = 0 

dsvm31
current directory is /lustre/home/mpotts/FEM/Regression.d/dsvm31

command is ./run.dsvm31 >reg.out 2>&1

[92m 	Exact match [0m dsvm31/dsvm31_sparse_stressvm.dat
[92m 	Exact match [0m dsvm31/dsvm31_skyline_strainvm.dat
[92m 	Exact match [0m dsvm31/dsvm31_spooles_sp3direc.dat
[92m 	Exact match [0m dsvm31/dsvm31_gmres_stressp3.dat
[92m 	Exact match [0m dsvm31/dsvm31_direct_ep3direc.dat
[92m 	Exact match [0m dsvm31/dsvm31_pcg_stressvm.dat
[92m 	Exact match [0m dsvm31/dsvm31_spooles_pivot_stressxx.dat
[92m 	Exact match [0m dsvm31/dsvm31_bcg_strainvm.dat
[92m 	Exact match [0m dsvm31/dsvm31_cr_strainxx.dat
[92m 	Exact match [0m dsvm31/dsvm31_FETI_DP_sp3direc.dat
[92m 	Exact match [0m dsvm31/dsvm31_FETI_DPH_stressp3.dat
dsvm31--11 matches found out of 11 total cases

<end of output>
Test time =   2.07 sec
----------------------------------------------------------
Test Passed.
"testRtest31" end time: Oct 01 10:50 PDT
"testRtest31" time elapsed: 00:00:02
----------------------------------------------------------

30/37 Testing: testRtest32
30/37 Test: testRtest32
Command: "/lustre/home/mpotts/FEM/Regression.d/dataComp.py" "-l" "dsvm32"
Directory: /lustre/home/mpotts/FEM
"testRtest32" start time: Oct 01 10:50 PDT
Output:
----------------------------------------------------------
rm: cannot remove `test.*': No such file or directory
rm: cannot remove `host.*': No such file or directory
time now = 1349113859 and last_mod = 1349113859, diff = 0 

dsvm32
current directory is /lustre/home/mpotts/FEM/Regression.d/dsvm32

command is ./run.dsvm32 >reg.out 2>&1

[91m 	Discrepancy [0m dsvm32/dsvm32_sparse_gtempera.dat
[91m 	Discrepancy [0m dsvm32/dsvm32_sparse_gtempera_2.dat
[91m 	Discrepancy [0m dsvm32/dsvm32_spooles_gtempera.dat
[91m 	Discrepancy [0m dsvm32/dsvm32_gmres_gtempera.dat
[91m 	Discrepancy [0m dsvm32/dsvm32_spooles_gtempera_2.dat
[91m 	Discrepancy [0m dsvm32/dsvm32_gmres_gtempera_2.dat
[91m 	Discrepancy [0m dsvm32/dsvm32_spooles_pivot_gtempera.dat
[91m 	Discrepancy [0m dsvm32/dsvm32_spooles_pivot_gtempera_2.dat
[91m 	Discrepancy [0m dsvm32/dsvm32_pcg_gtempera.dat
[91m 	Discrepancy [0m dsvm32/dsvm32_pcg_gtempera_2.dat
[91m 	Discrepancy [0m dsvm32/dsvm32_bcg_gtempera.dat
[91m 	Discrepancy [0m dsvm32/dsvm32_bcg_gtempera_2.dat
[91m 	Discrepancy [0m dsvm32/dsvm32_cr_gtempera.dat
[91m 	Discrepancy [0m dsvm32/dsvm32_cr_gtempera_2.dat
[91m 	Discrepancy [0m dsvm32/dsvm32_FETI_DP_gtempera.dat
[91m 	Discrepancy [0m dsvm32/dsvm32_FETI_DP_gtempera_2.dat
[91m 	Discrepancy [0m dsvm32/dsvm32_FETI_DPH_gtempera.dat
[91m 	Discrepancy [0m dsvm32/dsvm32_FETI_DPH_gtempera_2.dat
dsvm32--0 matches found out of 18 total cases

<end of output>
Test time = 414.73 sec
----------------------------------------------------------
Test Failed.
"testRtest32" end time: Oct 01 10:57 PDT
"testRtest32" time elapsed: 00:06:54
----------------------------------------------------------

31/37 Testing: testRtest34
31/37 Test: testRtest34
Command: "/lustre/home/mpotts/FEM/Regression.d/dataComp.py" "-l" "dsvm34"
Directory: /lustre/home/mpotts/FEM
"testRtest34" start time: Oct 01 10:57 PDT
Output:
----------------------------------------------------------
rm: cannot remove `test.*': No such file or directory
rm: cannot remove `host.*': No such file or directory
time now = 1349114274 and last_mod = 1349114274, diff = 0 

dsvm34
current directory is /lustre/home/mpotts/FEM/Regression.d/dsvm34

command is ./run.dsvm34 >reg.out 2>&1

[93mWARNING-- dsvm34/dsvm34_sparse_displmod.dat and baseline/dsvm34/dsvm34_sparse_displmod.dat have different lengths![0m
754
378
[91m 	Discrepancy [0m dsvm34/dsvm34_sparse_displmod.dat
[93mWARNING-- dsvm34/dsvm34_spooles_displmod.dat and baseline/dsvm34/dsvm34_spooles_displmod.dat have different lengths![0m
754
378
[91m 	Discrepancy [0m dsvm34/dsvm34_spooles_displmod.dat
[93mWARNING-- dsvm34/dsvm34_spooles_pivot_displmod.dat and baseline/dsvm34/dsvm34_spooles_pivot_displmod.dat have different lengths![0m
754
378
[91m 	Discrepancy [0m dsvm34/dsvm34_spooles_pivot_displmod.dat
dsvm34--0 matches found out of 3 total cases

<end of output>
Test time = 3834.88 sec
----------------------------------------------------------
Test Failed.
"testRtest34" end time: Oct 01 12:01 PDT
"testRtest34" time elapsed: 01:03:54
----------------------------------------------------------

32/37 Testing: testRtest35a
32/37 Test: testRtest35a
Command: "/lustre/home/mpotts/FEM/Regression.d/dataComp.py" "-l" "dsvm35a"
Directory: /lustre/home/mpotts/FEM
"testRtest35a" start time: Oct 01 12:01 PDT
Output:
----------------------------------------------------------
rm: cannot remove `test.*': No such file or directory
rm: cannot remove `host.*': No such file or directory
time now = 1349118109 and last_mod = 1349118109, diff = 0 

dsvm35a
current directory is /lustre/home/mpotts/FEM/Regression.d/dsvm35a

command is ./run.dsvm35a >reg.out 2>&1

[92m 	Exact match [0m dsvm35a/dsvm35a_sparse_gtempera.dat
[92m 	Exact match [0m dsvm35a/dsvm35a_sparse_gtempera_2.dat
[92m 	Exact match [0m dsvm35a/dsvm35a_spooles_gtempera.dat
[92m 	Exact match [0m dsvm35a/dsvm35a_gmres_gtempera.dat
[92m 	Exact match [0m dsvm35a/dsvm35a_spooles_gtempera_2.dat
[92m 	Exact match [0m dsvm35a/dsvm35a_gmres_gtempera_2.dat
[92m 	Exact match [0m dsvm35a/dsvm35a_spooles_pivot_gtempera.dat
[92m 	Exact match [0m dsvm35a/dsvm35a_spooles_pivot_gtempera_2.dat
[92m 	Exact match [0m dsvm35a/dsvm35a_pcg_gtempera.dat
[92m 	Exact match [0m dsvm35a/dsvm35a_pcg_gtempera_2.dat
[92m 	Match[0m dsvm35a/dsvm35a_bcg_gtempera.dat
[94m		Rel diff is 0.000000e+00 on line 83 at location 3
[0m
[92m 	Match[0m dsvm35a/dsvm35a_bcg_gtempera_2.dat
[94m		Rel diff is 0.000000e+00 on line 82 at location 4
[0m
[92m 	Exact match [0m dsvm35a/dsvm35a_cr_gtempera.dat
[92m 	Exact match [0m dsvm35a/dsvm35a_cr_gtempera_2.dat
[92m 	Exact match [0m dsvm35a/dsvm35a_FETI_DP_gtempera.dat
[92m 	Exact match [0m dsvm35a/dsvm35a_FETI_DP_gtempera_2.dat
[92m 	Exact match [0m dsvm35a/dsvm35a_FETI_DPH_gtempera.dat
[92m 	Exact match [0m dsvm35a/dsvm35a_FETI_DPH_gtempera_2.dat
dsvm35a--18 matches found out of 18 total cases

<end of output>
Test time = 462.71 sec
----------------------------------------------------------
Test Passed.
"testRtest35a" end time: Oct 01 12:09 PDT
"testRtest35a" time elapsed: 00:07:42
----------------------------------------------------------

33/37 Testing: testRtest35b
33/37 Test: testRtest35b
Command: "/lustre/home/mpotts/FEM/Regression.d/dataComp.py" "-l" "dsvm35b"
Directory: /lustre/home/mpotts/FEM
"testRtest35b" start time: Oct 01 12:09 PDT
Output:
----------------------------------------------------------
rm: cannot remove `test.*': No such file or directory
rm: cannot remove `host.*': No such file or directory
time now = 1349118572 and last_mod = 1349118572, diff = 0 

dsvm35b
current directory is /lustre/home/mpotts/FEM/Regression.d/dsvm35b

command is ./run.dsvm35b >reg.out 2>&1

[92m 	Exact match [0m dsvm35b/dsvm35b_sparse_strainp1.dat
[92m 	Exact match [0m dsvm35b/dsvm35b_sparse_strainp1_2.dat
[92m 	Exact match [0m dsvm35b/dsvm35b_sparse_strainp1_3.dat
[92m 	Exact match [0m dsvm35b/dsvm35b_spooles_strainp1.dat
[92m 	Exact match [0m dsvm35b/dsvm35b_spooles_strainp1_2.dat
[92m 	Exact match [0m dsvm35b/dsvm35b_pcg_strainp1.dat
[92m 	Exact match [0m dsvm35b/dsvm35b_spooles_strainp1_3.dat
[92m 	Exact match [0m dsvm35b/dsvm35b_gmres_strainp1.dat
[92m 	Exact match [0m dsvm35b/dsvm35b_gmres_strainp1_2.dat
[92m 	Exact match [0m dsvm35b/dsvm35b_gmres_strainp1_3.dat
[92m 	Exact match [0m dsvm35b/dsvm35b_spooles_pivot_strainp1.dat
[92m 	Exact match [0m dsvm35b/dsvm35b_spooles_pivot_strainp1_2.dat
[92m 	Exact match [0m dsvm35b/dsvm35b_spooles_pivot_strainp1_3.dat
[92m 	Exact match [0m dsvm35b/dsvm35b_pcg_strainp1_2.dat
[92m 	Exact match [0m dsvm35b/dsvm35b_pcg_strainp1_3.dat
[92m 	Exact match [0m dsvm35b/dsvm35b_bcg_strainp1.dat
[92m 	Exact match [0m dsvm35b/dsvm35b_bcg_strainp1_2.dat
[92m 	Exact match [0m dsvm35b/dsvm35b_bcg_strainp1_3.dat
[92m 	Exact match [0m dsvm35b/dsvm35b_cr_strainp1.dat
[92m 	Exact match [0m dsvm35b/dsvm35b_cr_strainp1_2.dat
[92m 	Exact match [0m dsvm35b/dsvm35b_cr_strainp1_3.dat
[92m 	Exact match [0m dsvm35b/dsvm35b_FETI_DP_strainp1.dat
[92m 	Exact match [0m dsvm35b/dsvm35b_FETI_DP_strainp1_2.dat
[92m 	Exact match [0m dsvm35b/dsvm35b_FETI_DP_strainp1_3.dat
[92m 	Exact match [0m dsvm35b/dsvm35b_FETI_DPH_strainp1.dat
[92m 	Exact match [0m dsvm35b/dsvm35b_FETI_DPH_strainp1_2.dat
[92m 	Exact match [0m dsvm35b/dsvm35b_FETI_DPH_strainp1_3.dat
dsvm35b--27 matches found out of 27 total cases

<end of output>
Test time =  32.47 sec
----------------------------------------------------------
Test Passed.
"testRtest35b" end time: Oct 01 12:10 PDT
"testRtest35b" time elapsed: 00:00:32
----------------------------------------------------------

34/37 Testing: testRtest37
34/37 Test: testRtest37
Command: "/lustre/home/mpotts/FEM/Regression.d/dataComp.py" "-r" "dsvm37"
Directory: /lustre/home/mpotts/FEM
"testRtest37" start time: Oct 01 12:10 PDT
Output:
----------------------------------------------------------
time now = 1349118604 and last_mod = 1349118604, diff = 0 

dsvm37
dsvm37--0 matches found out of 0 total cases

<end of output>
Test time = 100.10 sec
----------------------------------------------------------
Test Passed.
"testRtest37" end time: Oct 01 12:11 PDT
"testRtest37" time elapsed: 00:01:40
----------------------------------------------------------

35/37 Testing: testRtest39
35/37 Test: testRtest39
Command: "/lustre/home/mpotts/FEM/Regression.d/dataComp.py" "-l" "dsvm39"
Directory: /lustre/home/mpotts/FEM
"testRtest39" start time: Oct 01 12:11 PDT
Output:
----------------------------------------------------------
rm: cannot remove `test.*': No such file or directory
rm: cannot remove `host.*': No such file or directory
time now = 1349118704 and last_mod = 1349118704, diff = 0 

dsvm39
current directory is /lustre/home/mpotts/FEM/Regression.d/dsvm39

command is ./run.dsvm39 >reg.out 2>&1

[92m 	Match[0m dsvm39/dsvm39_sparse_displacx.dat
[94m		Rel diff is 0.000000e+00 on line 55 at location 1
[0m
[92m 	Match[0m dsvm39/dsvm39_sparse_displacx_2.dat
[94m		Rel diff is 0.000000e+00 on line 54 at location 1
[0m
[92m 	Exact match [0m dsvm39/dsvm39_spooles_displacx.dat
[92m 	Match[0m dsvm39/dsvm39_pcg_displacx.dat
[94m		Rel diff is 0.000000e+00 on line 35 at location 1
[0m
[92m 	Exact match [0m dsvm39/dsvm39_spooles_displacx_2.dat
[92m 	Match[0m dsvm39/dsvm39_pcg_displacx_2.dat
[94m		Rel diff is 0.000000e+00 on line 46 at location 1
[0m
[92m 	Exact match [0m dsvm39/dsvm39_spooles_pivot_displacx.dat
[92m 	Exact match [0m dsvm39/dsvm39_spooles_pivot_displacx_2.dat
[92m 	Match[0m dsvm39/dsvm39_bcg_displacx.dat
[94m		Rel diff is 0.000000e+00 on line 35 at location 1
[0m
[92m 	Match[0m dsvm39/dsvm39_bcg_displacx_2.dat
[94m		Rel diff is 0.000000e+00 on line 46 at location 1
[0m
[92m 	Match[0m dsvm39/dsvm39_cr_displacx.dat
[94m		Rel diff is 0.000000e+00 on line 53 at location 1
[0m
[92m 	Match[0m dsvm39/dsvm39_cr_displacx_2.dat
[94m		Rel diff is 0.000000e+00 on line 53 at location 1
[0m
[92m 	Match[0m dsvm39/dsvm39_FETI_DP_displacx.dat
[94m		Rel diff is 0.000000e+00 on line 50 at location 1
[0m
[92m 	Match[0m dsvm39/dsvm39_FETI_DP_displacx_2.dat
[94m		Rel diff is 0.000000e+00 on line 61 at location 1
[0m
[92m 	Match[0m dsvm39/dsvm39_FETI_DPH_displacx.dat
[94m		Rel diff is 0.000000e+00 on line 50 at location 1
[0m
[92m 	Match[0m dsvm39/dsvm39_FETI_DPH_displacx_2.dat
[94m		Rel diff is 0.000000e+00 on line 61 at location 1
[0m
dsvm39--16 matches found out of 16 total cases

<end of output>
Test time = 519.18 sec
----------------------------------------------------------
Test Passed.
"testRtest39" end time: Oct 01 12:20 PDT
"testRtest39" time elapsed: 00:08:39
----------------------------------------------------------

36/37 Testing: testRtest40
36/37 Test: testRtest40
Command: "/lustre/home/mpotts/FEM/Regression.d/dataComp.py" "-l" "-s" "dsvm40"
Directory: /lustre/home/mpotts/FEM
"testRtest40" start time: Oct 01 12:20 PDT
Output:
----------------------------------------------------------
rm: cannot remove `test.*': No such file or directory
rm: cannot remove `host.*': No such file or directory
time now = 1349119223 and last_mod = 1349119223, diff = 0 

dsvm40
current directory is /lustre/home/mpotts/FEM/Regression.d/dsvm40

command is ./run.dsvm40 >reg.out 2>&1

[92m 	Exact match [0m dsvm40/dsvm40_sparse_displacy.dat
[92m 	Exact match [0m dsvm40/dsvm40_skyline_displacy.dat
[92m 	Exact match [0m dsvm40/dsvm40_gmres_displacy.dat
[92m 	Exact match [0m dsvm40/dsvm40_direct_displacy.dat
[92m 	Exact match [0m dsvm40/dsvm40_pcg_displacy.dat
[92m 	Exact match [0m dsvm40/dsvm40_bcg_displacy.dat
[92m 	Exact match [0m dsvm40/dsvm40_cr_displacy.dat
[92m 	Exact match [0m dsvm40/dsvm40_FETI_DP_displacy.dat
[92m 	Exact match [0m dsvm40/dsvm40_FETI_DPH_displacy.dat
dsvm40--9 matches found out of 9 total cases

<end of output>
Test time =   2.29 sec
----------------------------------------------------------
Test Passed.
"testRtest40" end time: Oct 01 12:20 PDT
"testRtest40" time elapsed: 00:00:02
----------------------------------------------------------

37/37 Testing: sendResults
37/37 Test: sendResults
Command: "/lustre/home/mpotts/FEM/Regression.d/sendResults.py"
Directory: /lustre/home/mpotts/FEM
"sendResults" start time: Oct 01 12:20 PDT
Output:
----------------------------------------------------------
sh: ./.mail_command: Permission denied
<end of output>
Test time =   0.21 sec
----------------------------------------------------------
Test Passed.
"sendResults" end time: Oct 01 12:20 PDT
"sendResults" time elapsed: 00:00:00
----------------------------------------------------------

End testing: Oct 01 12:20 PDT
